Distributed Orbit
----------------------------------------------------------------------
Versions: ['intermediate']
Parallel Image Computation: [False]
Repetitions per Configuration: 1
Using Cores: [1]
Workers Per Core: 1
Master @ {'host': '127.0.0.1', 'port': 5050}
Slaves @ [2, 6, 10, 14, 18, 22, 26, 30, 34, 38, 42, 46, 50, 54, 58, 62]
======================================================================
Slaves: 2, Version: intermediate, IWP: False, Cores: 1, Workers: 1, Execution: 0
  15.3488929272 sec(s)
Slaves: 6, Version: intermediate, IWP: False, Cores: 1, Workers: 1, Execution: 0
  5.81155180931 sec(s)
Slaves: 10, Version: intermediate, IWP: False, Cores: 1, Workers: 1, Execution: 0
  4.96226406097 sec(s)
Slaves: 14, Version: intermediate, IWP: False, Cores: 1, Workers: 1, Execution: 0
  4.52422499657 sec(s)
Slaves: 18, Version: intermediate, IWP: False, Cores: 1, Workers: 1, Execution: 0
  4.49667906761 sec(s)
Slaves: 22, Version: intermediate, IWP: False, Cores: 1, Workers: 1, Execution: 0
  12.7688920498 sec(s)
Slaves: 26, Version: intermediate, IWP: False, Cores: 1, Workers: 1, Execution: 0
  42.4356939793 sec(s)
Slaves: 30, Version: intermediate, IWP: False, Cores: 1, Workers: 1, Execution: 0
  4.79206609726 sec(s)
Slaves: 34, Version: intermediate, IWP: False, Cores: 1, Workers: 1, Execution: 0
  4.4924249649 sec(s)
Slaves: 38, Version: intermediate, IWP: False, Cores: 1, Workers: 1, Execution: 0
  4.64811205864 sec(s)
Slaves: 42, Version: intermediate, IWP: False, Cores: 1, Workers: 1, Execution: 0
  27.7148070335 sec(s)
Slaves: 46, Version: intermediate, IWP: False, Cores: 1, Workers: 1, Execution: 0
  27.0986130238 sec(s)
Slaves: 50, Version: intermediate, IWP: False, Cores: 1, Workers: 1, Execution: 0
  4.88527798653 sec(s)
Slaves: 54, Version: intermediate, IWP: False, Cores: 1, Workers: 1, Execution: 0
  278.111789942 sec(s)
Slaves: 58, Version: intermediate, IWP: False, Cores: 1, Workers: 1, Execution: 0
  5.13348698616 sec(s)
Slaves: 62, Version: intermediate, IWP: False, Cores: 1, Workers: 1, Execution: 0
  5.01343989372 sec(s)
