Distributed Orbit
----------------------------------------------------------------------
Versions: ['long']
Parallel Image Computation: [False]
Repetitions per Configuration: 1
Using Cores: [1]
Workers Per Core: 1
Master @ {'host': '127.0.0.1', 'port': 5050}
Slaves @ [2, 6, 10, 14, 18, 22, 26, 30, 34, 38, 42, 46, 50, 54, 58, 62]
======================================================================
Slaves: 2, Version: long, IWP: False, Cores: 1, Workers: 1, Execution: 0
  49.1680519581 sec(s)
Slaves: 6, Version: long, IWP: False, Cores: 1, Workers: 1, Execution: 0
  12.0859441757 sec(s)
Slaves: 10, Version: long, IWP: False, Cores: 1, Workers: 1, Execution: 0
  8.5750310421 sec(s)
Slaves: 14, Version: long, IWP: False, Cores: 1, Workers: 1, Execution: 0
  11.0863549709 sec(s)
Slaves: 18, Version: long, IWP: False, Cores: 1, Workers: 1, Execution: 0
  10.20779109 sec(s)
Slaves: 22, Version: long, IWP: False, Cores: 1, Workers: 1, Execution: 0
  6.22460603714 sec(s)
Slaves: 26, Version: long, IWP: False, Cores: 1, Workers: 1, Execution: 0
  122.450837135 sec(s)
Slaves: 30, Version: long, IWP: False, Cores: 1, Workers: 1, Execution: 0
  8.43097400665 sec(s)
Slaves: 34, Version: long, IWP: False, Cores: 1, Workers: 1, Execution: 0
  6.63126707077 sec(s)
Slaves: 38, Version: long, IWP: False, Cores: 1, Workers: 1, Execution: 0
  8.76544904709 sec(s)
Slaves: 42, Version: long, IWP: False, Cores: 1, Workers: 1, Execution: 0
  109.845731974 sec(s)
Slaves: 46, Version: long, IWP: False, Cores: 1, Workers: 1, Execution: 0
  32.1852929592 sec(s)
Slaves: 50, Version: long, IWP: False, Cores: 1, Workers: 1, Execution: 0
  30.7159819603 sec(s)
Slaves: 54, Version: long, IWP: False, Cores: 1, Workers: 1, Execution: 0
  30.451846838 sec(s)
Slaves: 58, Version: long, IWP: False, Cores: 1, Workers: 1, Execution: 0
  7.3324379921 sec(s)
Slaves: 62, Version: long, IWP: False, Cores: 1, Workers: 1, Execution: 0
  58.0524821281 sec(s)
